ChamadosApp/app/build/intermediates/manifest_merge_blame_file/debug/manifest-merger-blame-debug-report.txt
1<?xml version="1.0" encoding="utf-8"?>
2<manifest xmlns:android="http://schemas.android.com/apk/res/android"
3    package="com.empresa.chamados"
4    android:versionCode="1"
5    android:versionName="1.0" >
6
7    <uses-sdk
8        android:minSdkVersion="21"
8-->src\main\AndroidManifest.xml
9        android:targetSdkVersion="33" />
9-->src\main\AndroidManifest.xml
10
11    <permission
11-->[androidx.core:core:1.9.0] AndroidManifest.xml:22:5-24:47
12        android:name="com.empresa.chamados.DYNAMIC_RECEIVER_NOT_EXPORTED_PERMISSION"
12-->[androidx.core:core:1.9.0] AndroidManifest.xml:23:9-81
13        android:protectionLevel="signature" />
13-->[androidx.core:core:1.9.0] AndroidManifest.xml:24:9-44
14
15    <uses-permission android:name="com.empresa.chamados.DYNAMIC_RECEIVER_NOT_EXPORTED_PERMISSION" />
15-->[androidx.core:core:1.9.0] AndroidManifest.xml:26:5-97
15-->[androidx.core:core:1.9.0] AndroidManifest.xml:26:22-94
16
17    <application
17-->src\main\AndroidManifest.xml:4:5-25:19
18        android:allowBackup="true"
18-->src\main\AndroidManifest.xml:5:9-35
19        android:appComponentFactory="androidx.core.app.CoreComponentFactory"
19-->[androidx.core:core:1.9.0] AndroidManifest.xml:28:18-86
20        android:debuggable="true"
21        android:icon="@drawable/logo_resolve"
21-->src\main\AndroidManifest.xml:6:9-46
22        android:label="Resolve TI"
22-->src\main\AndroidManifest.xml:7:9-35
23        android:supportsRtl="true"
23-->src\main\AndroidManifest.xml:8:9-35
24        android:testOnly="true"
25        android:theme="@style/Theme.ResolveTI" >
25-->src\main\AndroidManifest.xml:9:9-47
26        <activity
26-->src\main\AndroidManifest.xml:11:9-18:20
27            android:name="com.empresa.chamados.activities.MainActivity"
27-->src\main\AndroidManifest.xml:12:13-52
28            android:exported="true" >
28-->src\main\AndroidManifest.xml:13:13-36
29            <intent-filter>
29-->src\main\AndroidManifest.xml:14:13-17:29
30                <action android:name="android.intent.action.MAIN" />
30-->src\main\AndroidManifest.xml:15:17-69
30-->src\main\AndroidManifest.xml:15:25-66
31
32                <category android:name="android.intent.category.LAUNCHER" />
32-->src\main\AndroidManifest.xml:16:17-77
32-->src\main\AndroidManifest.xml:16:27-74
33            </intent-filter>
34        </activity>
35        <activity android:name="com.empresa.chamados.activities.NovoChamadoActivity" />
35-->src\main\AndroidManifest.xml:20:9-68
35-->src\main\AndroidManifest.xml:20:19-65
36        <activity android:name="com.empresa.chamados.activities.ListaChamadosActivity" />
36-->src\main\AndroidManifest.xml:21:9-70
36-->src\main\AndroidManifest.xml:21:19-67
37        <activity android:name="com.empresa.chamados.activities.AtendimentoChamadoActivity" />
37-->src\main\AndroidManifest.xml:22:9-75
37-->src\main\AndroidManifest.xml:22:19-72
38        <activity android:name="com.empresa.chamados.activities.FiltrosChamadosActivity" />
38-->src\main\AndroidManifest.xml:23:9-72
38-->src\main\AndroidManifest.xml:23:19-69
39
40        <provider
40-->[androidx.emoji2:emoji2:1.2.0] AndroidManifest.xml:24:9-32:20
41            android:name="androidx.startup.InitializationProvider"
41-->[androidx.emoji2:emoji2:1.2.0] AndroidManifest.xml:25:13-67
42            android:authorities="com.empresa.chamados.androidx-startup"
42-->[androidx.emoji2:emoji2:1.2.0] AndroidManifest.xml:26:13-68
43            android:exported="false" >
43-->[androidx.emoji2:emoji2:1.2.0] AndroidManifest.xml:27:13-37
44            <meta-data
44-->[androidx.emoji2:emoji2:1.2.0] AndroidManifest.xml:29:13-31:52
45                android:name="androidx.emoji2.text.EmojiCompatInitializer"
45-->[androidx.emoji2:emoji2:1.2.0] AndroidManifest.xml:30:17-75
46                android:value="androidx.startup" />
46-->[androidx.emoji2:emoji2:1.2.0] AndroidManifest.xml:31:17-49
47            <meta-data
47-->[androidx.lifecycle:lifecycle-process:2.4.1] AndroidManifest.xml:31:13-33:52
48                android:name="androidx.lifecycle.ProcessLifecycleInitializer"
48-->[androidx.lifecycle:lifecycle-process:2.4.1] AndroidManifest.xml:32:17-78
49                android:value="androidx.startup" />
49-->[androidx.lifecycle:lifecycle-process:2.4.1] AndroidManifest.xml:33:17-49
50        </provider>
51    </application>
52
53</manifest>